<?xml version="1.0" encoding="UTF-8"?>
<!-- Generated by org.testng.reporters.JUnitXMLReporter -->
<testsuite ignored="0" hostname="Latitude3590" failures="0" tests="3" name="Default test" time="43.115" errors="0" timestamp="2025-02-12T12:37:22 IST">
  <testcase classname="xalts.XaltsWebsite" name="signup" time="3.9"/>
  <testcase classname="xalts.XaltsWebsite" name="signin" time="9.123"/>
  <testcase classname="xalts.XaltsWebsite" name="signout" time="8.002"/>
</testsuite> <!-- Default test -->
