<?xml version="1.0" encoding="UTF-8"?>
<!-- Generated by org.testng.reporters.JUnitXMLReporter -->
<testsuite ignored="2" hostname="Latitude3590" failures="0" tests="0" time="0.012" errors="0" timestamp="2025-01-05T22:48:35 IST">
  <testcase classname="framework2.ErrorValidationTest" name="loginErrorToastMsg" time="0.0">
    <ignored/>
  </testcase> <!-- loginErrorToastMsg -->
  <testcase classname="framework2.ErrorValidationTest" name="wrongProductIsNotAdded" time="0.0">
    <ignored/>
  </testcase> <!-- wrongProductIsNotAdded -->
</testsuite>
