<?xml version="1.0" encoding="UTF-8"?>
<!-- Generated by org.testng.reporters.JUnitXMLReporter -->
<testsuite ignored="1" hostname="Latitude3590" failures="0" tests="2" name="PageObjectTest" time="28.618" errors="0" timestamp="2025-01-05T22:49:04 IST">
  <testcase classname="framework2.PageObjectTest" name="endToEndTest" time="12.53"/>
  <testcase classname="framework2.PageObjectTest" name="endToEndTest" time="12.502"/>
  <testcase classname="framework2.PageObjectTest" name="orderHistory" time="0.0">
    <ignored/>
  </testcase> <!-- orderHistory -->
</testsuite> <!-- PageObjectTest -->
