<?xml version="1.0" encoding="UTF-8"?>
<!-- Generated by org.testng.reporters.JUnitXMLReporter -->
<testsuite ignored="1" hostname="Latitude3590" failures="0" tests="2" name="Test" time="23.709" errors="0" timestamp="2025-02-12T12:43:55 IST">
  <testcase classname="xalts.XaltsWebsite" name="signup" time="3.774"/>
  <testcase classname="xalts.XaltsWebsite" name="signin" time="10.087"/>
  <testcase classname="xalts.XaltsWebsite" name="signout" time="0.0">
    <ignored/>
  </testcase> <!-- signout -->
</testsuite> <!-- Test -->
