<?xml version="1.0" encoding="UTF-8"?>
<testng-results ignored="0" total="2" passed="2" failed="0" skipped="0">
  <reporter-output>
  </reporter-output>
  <suite started-at="2025-02-12T12:43:31 IST" name="Suite" finished-at="2025-02-12T12:43:55 IST" duration-ms="23709">
    <groups>
      <group name="Regression">
        <method signature="XaltsWebsite.signup()[pri:0, instance:xalts.XaltsWebsite@38d8f54a]" name="signup" class="xalts.XaltsWebsite"/>
        <method signature="XaltsWebsite.signin()[pri:0, instance:xalts.XaltsWebsite@38d8f54a]" name="signin" class="xalts.XaltsWebsite"/>
      </group> <!-- Regression -->
    </groups>
    <test started-at="2025-02-12T12:43:31 IST" name="Test" finished-at="2025-02-12T12:43:55 IST" duration-ms="23709">
      <class name="xalts.XaltsWebsite">
        <test-method is-config="true" signature="setup()[pri:0, instance:xalts.XaltsWebsite@38d8f54a]" started-at="2025-02-12T12:43:31 IST" name="setup" finished-at="2025-02-12T12:43:37 IST" duration-ms="6019" status="PASS">
          <reporter-output>
          </reporter-output>
        </test-method> <!-- setup -->
        <test-method signature="signup()[pri:0, instance:xalts.XaltsWebsite@38d8f54a]" started-at="2025-02-12T12:43:37 IST" name="signup" finished-at="2025-02-12T12:43:41 IST" duration-ms="3774" status="PASS">
          <reporter-output>
          </reporter-output>
        </test-method> <!-- signup -->
        <test-method is-config="true" signature="setup()[pri:0, instance:xalts.XaltsWebsite@38d8f54a]" started-at="2025-02-12T12:43:41 IST" name="setup" finished-at="2025-02-12T12:43:45 IST" duration-ms="3658" status="PASS">
          <reporter-output>
          </reporter-output>
        </test-method> <!-- setup -->
        <test-method signature="signin()[pri:0, instance:xalts.XaltsWebsite@38d8f54a]" started-at="2025-02-12T12:43:45 IST" name="signin" finished-at="2025-02-12T12:43:55 IST" depends-on-methods="xalts.XaltsWebsite.signup" duration-ms="10087" status="PASS">
          <reporter-output>
          </reporter-output>
        </test-method> <!-- signin -->
        <test-method is-config="true" signature="afterClass()[pri:0, instance:xalts.XaltsWebsite@38d8f54a]" started-at="2025-02-12T12:43:55 IST" name="afterClass" finished-at="2025-02-12T12:43:55 IST" duration-ms="3" status="PASS">
          <reporter-output>
          </reporter-output>
        </test-method> <!-- afterClass -->
      </class> <!-- xalts.XaltsWebsite -->
    </test> <!-- Test -->
  </suite> <!-- Suite -->
</testng-results>
